Essential #Flight #Physics for a #cleaner tomorrow.
The #Power of Your #Academic #Potential is Unlocked with Our
Experience the beauty and #challenge of #flying #bicycles.
#The bicycle's #power #is #generated #by #the rider's
#Fly high with #Flight Physics - glide like a #bird.
We #are transforming the sector with our #competence for #development.
#Fly #effortlessly with our easy-to-use
#adventures #city #energy
#driven #for #public
The requirements must #be #established #and set. Proof
We would like to #invite you to #contribute to our #cause.
We will take you #on #an #adventure.
#Experience the Power #of Programming with #our services.
The requirements #for #establishing a power station #are not met.
Let's #develop your proposal with #funding to #achieve your goals!
#Experience the Power of #CleanTech with our Pilots without a #License.
#and #confidence #ease
The '#company's mission is to provide quality products #and services to their #customers.
We #are here to #help you #create wealth through our investment platform.
The #essential natural #energy needed for your flying #bicycle without the need for gas stations.
Let's work together to #achieve our natural potential through #an #initiative #mechanism.
I #can see the #clouds #from here.
The #dynamic sector offers exciting opportunities for those who #are willing to establish their #careers.
The #aircraft is designed to #be taken off on #any hard surface.
#Experience the thrill of flying on two wheels with our vehicle that #can go #anywhere.
Our language funding tool #can help you #achieve your #communication goals.
to #provide a #smooth #and #comfortable #ride.
#Experience the power #of #innovation with #our #application.
#Speed your #documents #with #Read & #Speedy!
#Experience the power #of scanner support with our #mechanism.
The #book is #about the science of flight #and the physics that governs it.#This sentence #is #grammatically #correct #and #makes sense.
